CRITICAL - 2022-02-21 19:44:28 --> syntax error, unexpected token "public", expecting end of file
#0 D:\PELAJARAN\Tugas UKK RPL\system\Autoloader\Autoloader.php(241): CodeIgniter\Autoloader\Autoloader->includeFile('D:\\PELAJARAN\\Tu...')
#1 D:\PELAJARAN\Tugas UKK RPL\system\Autoloader\Autoloader.php(219): CodeIgniter\Autoloader\Autoloader->loadInNamespace('App\\Models\\Cata...')
#2 D:\PELAJARAN\Tugas UKK RPL\app\Controllers\catatanperjalanan.php(24): CodeIgniter\Autoloader\Autoloader->loadClass('App\\Models\\Cata...')
#3 D:\PELAJARAN\Tugas UKK RPL\system\CodeIgniter.php(825): App\Controllers\CatatanPerjalanan->index()
#4 D:\PELAJARAN\Tugas UKK RPL\system\CodeIgniter.php(412): CodeIgniter\CodeIgniter->runController(Object(App\Controllers\CatatanPerjalanan))
#5 D:\PELAJARAN\Tugas UKK RPL\system\CodeIgniter.php(320): CodeIgniter\CodeIgniter->handleRequest(NULL, Object(Config\Cache), false)
#6 D:\PELAJARAN\Tugas UKK RPL\public\index.php(37): CodeIgniter\CodeIgniter->run()
#7 D:\PELAJARAN\Tugas UKK RPL\system\Commands\Server\rewrite.php(43): require_once('D:\\PELAJARAN\\Tu...')
#8 {main}
CRITICAL - 2022-02-21 19:45:08 --> syntax error, unexpected token "public", expecting end of file
#0 D:\PELAJARAN\Tugas UKK RPL\system\Autoloader\Autoloader.php(241): CodeIgniter\Autoloader\Autoloader->includeFile('D:\\PELAJARAN\\Tu...')
#1 D:\PELAJARAN\Tugas UKK RPL\system\Autoloader\Autoloader.php(219): CodeIgniter\Autoloader\Autoloader->loadInNamespace('App\\Models\\Cata...')
#2 D:\PELAJARAN\Tugas UKK RPL\app\Controllers\catatanperjalanan.php(24): CodeIgniter\Autoloader\Autoloader->loadClass('App\\Models\\Cata...')
#3 D:\PELAJARAN\Tugas UKK RPL\system\CodeIgniter.php(825): App\Controllers\CatatanPerjalanan->index()
#4 D:\PELAJARAN\Tugas UKK RPL\system\CodeIgniter.php(412): CodeIgniter\CodeIgniter->runController(Object(App\Controllers\CatatanPerjalanan))
#5 D:\PELAJARAN\Tugas UKK RPL\system\CodeIgniter.php(320): CodeIgniter\CodeIgniter->handleRequest(NULL, Object(Config\Cache), false)
#6 D:\PELAJARAN\Tugas UKK RPL\public\index.php(37): CodeIgniter\CodeIgniter->run()
#7 D:\PELAJARAN\Tugas UKK RPL\system\Commands\Server\rewrite.php(43): require_once('D:\\PELAJARAN\\Tu...')
#8 {main}
